<?xml version="1.0" encoding="UTF-8"?>
<!-- Generated by org.testng.reporters.JUnitXMLReporter -->
<testsuite hostname="DESKTOP-497RQHS" ignored="0" name="Default test" tests="9" failures="0" timestamp="2019-11-16T00:07:19 PST" time="7.181" errors="0">
  <testcase name="checkTable" time="0.059" classname="com.attainia.UserActivity.TestScripts.TestCases"/>
  <testcase name="linkVisible" time="0.025" classname="com.attainia.UserActivity.TestScripts.TestCases"/>
  <testcase name="linkClick" time="0.11" classname="com.attainia.UserActivity.TestScripts.TestCases"/>
  <testcase name="link2Click" time="0.113" classname="com.attainia.UserActivity.TestScripts.TestCases"/>
  <testcase name="init" time="0.027" classname="com.attainia.UserActivity.TestScripts.TestCases"/>
  <testcase name="checkRedOnClick" time="0.388" classname="com.attainia.UserActivity.TestScripts.TestCases"/>
  <testcase name="checkGreenOnClick" time="0.464" classname="com.attainia.UserActivity.TestScripts.TestCases"/>
  <testcase name="checkRows" time="0.032" classname="com.attainia.UserActivity.TestScripts.TestCases"/>
  <testcase name="checkColumns" time="0.031" classname="com.attainia.UserActivity.TestScripts.TestCases"/>
</testsuite> <!-- Default test -->
